<?xml version="1.0" encoding="UTF-8"?>
<!-- Generated by org.testng.reporters.JUnitXMLReporter -->
<testsuite hostname="DESKTOP-OUS6GQJ" ignored="0" name="Login Test" tests="2" failures="1" timestamp="2021-03-12T15:45:28 IST" time="49.087" errors="0">
  <testcase name="verifyLoginWithCreadentials" time="18.164" classname="testCase.Login.LoginTest"/>
  <testcase name="AddEmloyee" time="1.505" classname="testCase.Login.AdduserTest">
    <failure type="java.lang.IllegalArgumentException" message="Driver must be set">
      <![CDATA[java.lang.IllegalArgumentException: Driver must be set
at org.openqa.selenium.internal.Require.nonNull(Require.java:56)
at org.openqa.selenium.interactions.Actions.<init>(Actions.java:67)
at com.page.AdduserPage.createEmployee(AdduserPage.java:57)
at testCase.Login.AdduserTest.AddEmloyee(AdduserTest.java:25)
at java.util.ArrayList.forEach(Unknown Source)
... Removed 27 stack frames]]>
    </failure>
  </testcase> <!-- AddEmloyee -->
</testsuite> <!-- Login Test -->
