<?xml version="1.0" encoding="UTF-8"?>
<!-- Generated by org.testng.reporters.JUnitXMLReporter -->
<testsuite hostname="DESKTOP-OUS6GQJ" ignored="0" name="Login Test" tests="4" failures="0" timestamp="2021-05-31T11:55:31 IST" time="96.388" errors="0">
  <testcase name="navigateToemp" time="11.756" classname="testCase.Login.AdduserTest"/>
  <testcase name="verifyNavigation" time="0.056" classname="testCase.Login.AdduserTest"/>
  <testcase name="AddEmloyee" time="35.988" classname="testCase.Login.AdduserTest"/>
  <testcase name="addJobDetails" time="9.596" classname="testCase.Login.AdduserTest"/>
</testsuite> <!-- Login Test -->
