<?xml version="1.0" encoding="UTF-8"?>
<!-- Generated by org.testng.reporters.JUnitXMLReporter -->
<testsuite hostname="DESKTOP-OUS6GQJ" ignored="0" name="Default test" tests="4" failures="0" timestamp="2021-03-23T20:48:13 IST" time="93.553" errors="0">
  <testcase name="navigateToemp" time="12.537" classname="testCase.Login.AdduserTest"/>
  <testcase name="verifyNavigation" time="0.102" classname="testCase.Login.AdduserTest"/>
  <testcase name="AddEmloyee" time="34.925" classname="testCase.Login.AdduserTest"/>
  <testcase name="addJobDetails" time="7.762" classname="testCase.Login.AdduserTest"/>
</testsuite> <!-- Default test -->
