<?xml version="1.0" encoding="UTF-8"?>
<testng-results skipped="0" failed="0" ignored="0" total="4" passed="4">
  <reporter-output>
  </reporter-output>
  <suite name="Login" duration-ms="96388" started-at="2021-05-31T11:53:55 IST" finished-at="2021-05-31T11:55:31 IST">
    <groups>
    </groups>
    <test name="Login Test" duration-ms="96388" started-at="2021-05-31T11:53:55 IST" finished-at="2021-05-31T11:55:31 IST">
      <class name="testCase.Login.AdduserTest">
        <test-method status="PASS" signature="setup()[pri:0, instance:testCase.Login.AdduserTest@74ad1f1f]" name="setup" is-config="true" duration-ms="38938" started-at="2021-05-31T11:53:55 IST" finished-at="2021-05-31T11:54:34 IST">
          <reporter-output>
          </reporter-output>
        </test-method> <!-- setup -->
        <test-method status="PASS" signature="navigateToemp()[pri:0, instance:testCase.Login.AdduserTest@74ad1f1f]" name="navigateToemp" duration-ms="11756" started-at="2021-05-31T11:54:34 IST" finished-at="2021-05-31T11:54:46 IST">
          <reporter-output>
          </reporter-output>
        </test-method> <!-- navigateToemp -->
        <test-method status="PASS" signature="verifyNavigation()[pri:1, instance:testCase.Login.AdduserTest@74ad1f1f]" name="verifyNavigation" duration-ms="56" started-at="2021-05-31T11:54:46 IST" finished-at="2021-05-31T11:54:46 IST">
          <reporter-output>
          </reporter-output>
        </test-method> <!-- verifyNavigation -->
        <test-method status="PASS" signature="AddEmloyee()[pri:2, instance:testCase.Login.AdduserTest@74ad1f1f]" name="AddEmloyee" duration-ms="35988" started-at="2021-05-31T11:54:46 IST" finished-at="2021-05-31T11:55:22 IST">
          <reporter-output>
          </reporter-output>
        </test-method> <!-- AddEmloyee -->
        <test-method status="PASS" signature="addJobDetails()[pri:3, instance:testCase.Login.AdduserTest@74ad1f1f]" name="addJobDetails" duration-ms="9596" started-at="2021-05-31T11:55:22 IST" finished-at="2021-05-31T11:55:31 IST">
          <reporter-output>
          </reporter-output>
        </test-method> <!-- addJobDetails -->
      </class> <!-- testCase.Login.AdduserTest -->
    </test> <!-- Login Test -->
  </suite> <!-- Login -->
</testng-results>
